2022-03-26 17:53:58,758:INFO:PyCaret Supervised Module
2022-03-26 17:53:58,758:INFO:ML Usecase: classification
2022-03-26 17:53:58,758:INFO:version 2.3.6
2022-03-26 17:53:58,759:INFO:Initializing setup()
2022-03-26 17:53:58,759:INFO:setup(target=Outcome, ml_usecase=classification, available_plots={'parameter': 'Hyperparameters', 'auc': 'AUC', 'confusion_matrix': 'Confusion Matrix', 'threshold': 'Threshold', 'pr': 'Precision Recall', 'error': 'Prediction Error', 'class_report': 'Class Report', 'rfe': 'Feature Selection', 'learning': 'Learning Curve', 'manifold': 'Manifold Learning', 'calibration': 'Calibration Curve', 'vc': 'Validation Curve', 'dimension': 'Dimensions', 'feature': 'Feature Importance', 'feature_all': 'Feature Importance (All)', 'boundary': 'Decision Boundary', 'lift': 'Lift Chart', 'gain': 'Gain Chart', 'tree': 'Decision Tree', 'ks': 'KS Statistic Plot'}, train_size=0.7, test_data=None, preprocess=True, imputation_type=simple, iterative_imputation_iters=5, categorical_features=None, categorical_imputation=constant, categorical_iterative_imputer=lightgbm, ordinal_features=None, high_cardinality_features=None, high_cardinality_method=frequency, numeric_features=None, numeric_imputation=mean, numeric_iterative_imputer=lightgbm, date_features=None, ignore_features=None, normalize=False, normalize_method=zscore, transformation=False, transformation_method=yeo-johnson, handle_unknown_categorical=True, unknown_categorical_method=least_frequent, pca=False, pca_method=linear, pca_components=None, ignore_low_variance=False, combine_rare_levels=False, rare_level_threshold=0.1, bin_numeric_features=None, remove_outliers=False, outliers_threshold=0.05, remove_multicollinearity=False, multicollinearity_threshold=0.9, remove_perfect_collinearity=True, create_clusters=False, cluster_iter=20, polynomial_features=False, polynomial_degree=2, trigonometry_features=False, polynomial_threshold=0.1, group_features=None, group_names=None, feature_selection=False, feature_selection_threshold=0.8, feature_selection_method=classic, feature_interaction=False, feature_ratio=False, interaction_threshold=0.01, fix_imbalance=False, fix_imbalance_method=None, transform_target=False, transform_target_method=box-cox, data_split_shuffle=True, data_split_stratify=False, fold_strategy=stratifiedkfold, fold=10, fold_shuffle=False, fold_groups=None, n_jobs=-1, use_gpu=False, custom_pipeline=None, html=True, session_id=None, log_experiment=False, experiment_name=None, log_plots=False, log_profile=False, log_data=False, silent=False, verbose=True, profile=False, profile_kwargs=None, display=None)
2022-03-26 17:53:58,759:INFO:Checking environment
2022-03-26 17:53:58,759:INFO:python_version: 3.7.10
2022-03-26 17:53:58,759:INFO:python_build: ('default', 'Jun  4 2021 14:48:32')
2022-03-26 17:53:58,759:INFO:machine: x86_64
2022-03-26 17:53:58,759:INFO:platform: Linux-5.4.0-105-generic-x86_64-with-debian-bullseye-sid
2022-03-26 17:53:58,760:INFO:Memory: svmem(total=4008153088, available=509898752, percent=87.3, used=2910457856, free=108449792, active=2527113216, inactive=939466752, buffers=117669888, cached=871575552, shared=313208832, slab=294318080)
2022-03-26 17:53:58,762:INFO:Physical Core: 2
2022-03-26 17:53:58,762:INFO:Logical Core: 4
2022-03-26 17:53:58,762:INFO:Checking libraries
2022-03-26 17:53:58,763:INFO:pd==1.3.4
2022-03-26 17:53:58,763:INFO:numpy==1.19.5
2022-03-26 17:53:58,763:INFO:sklearn==0.23.2
2022-03-26 17:53:58,763:INFO:lightgbm==3.3.2
2022-03-26 17:53:58,764:WARNING:catboost not found
2022-03-26 17:53:58,764:WARNING:xgboost not found
2022-03-26 17:54:07,490:INFO:mlflow==1.24.0
2022-03-26 17:54:07,491:INFO:Checking Exceptions
2022-03-26 17:54:07,491:INFO:Declaring global variables
2022-03-26 17:54:07,491:INFO:USI: de49
2022-03-26 17:54:07,492:INFO:pycaret_globals: {'_all_models_internal', '_all_models', 'exp_name_log', 'gpu_param', 'n_jobs_param', 'y_test', 'fold_groups_param', 'logging_param', 'experiment__', 'display_container', '_ml_usecase', 'transform_target_method_param', 'X_train', 'fix_imbalance_method_param', '_all_metrics', 'master_model_container', 'target_param', 'seed', 'html_param', 'fold_param', 'X_test', 'imputation_classifier', 'y', 'iterative_imputation_iters_param', 'transform_target_param', 'create_model_container', 'stratify_param', 'fold_generator', 'log_plots_param', '_available_plots', 'prep_pipe', 'imputation_regressor', 'fix_imbalance_param', 'pycaret_globals', 'data_before_preprocess', 'y_train', 'fold_shuffle_param', '_internal_pipeline', 'USI', 'fold_groups_param_full', 'X', '_gpu_n_jobs_param'}
2022-03-26 17:54:07,492:INFO:Preparing display monitor
2022-03-26 17:54:07,492:INFO:Preparing display monitor
2022-03-26 17:54:07,585:INFO:Importing libraries
2022-03-26 17:54:07,586:INFO:Copying data for preprocessing
2022-03-26 17:54:07,651:INFO:Declaring preprocessing parameters
2022-03-26 17:54:07,653:INFO:Creating preprocessing pipeline
2022-03-26 17:54:07,663:INFO:Preprocessing pipeline created successfully
2022-03-26 17:54:07,664:ERROR:(Process Exit): setup has been interupted with user command 'quit'. setup must rerun.
2022-03-26 17:54:07,664:INFO:Creating global containers
2022-03-26 17:54:07,772:INFO:Internal pipeline: Pipeline(memory=None, steps=[('empty_step', 'passthrough')], verbose=False)
2022-03-26 17:54:23,864:WARNING:Couldn't import xgboost.XGBClassifier
2022-03-26 17:54:23,865:WARNING:Couldn't import catboost.CatBoostClassifier
2022-03-26 17:54:24,039:WARNING:Couldn't import xgboost.XGBClassifier
2022-03-26 17:54:24,040:WARNING:Couldn't import catboost.CatBoostClassifier
2022-03-26 17:54:24,041:INFO:Creating grid variables
2022-03-26 17:54:24,066:INFO:create_model_container: 0
2022-03-26 17:54:24,066:INFO:master_model_container: 0
2022-03-26 17:54:24,066:INFO:display_container: 1
2022-03-26 17:54:24,076:INFO:Pipeline(memory=None,
         steps=[('dtypes',
                 DataTypes_Auto_infer(categorical_features=[],
                                      display_types=True, features_todrop=[],
                                      id_columns=[],
                                      ml_usecase='classification',
                                      numerical_features=[], target='Outcome',
                                      time_features=[])),
                ('imputer',
                 Simple_Imputer(categorical_strategy='not_available',
                                fill_value_categorical=None,
                                fill_value_numerical=None,
                                numeric_stra...
                ('scaling', 'passthrough'), ('P_transform', 'passthrough'),
                ('binn', 'passthrough'), ('rem_outliers', 'passthrough'),
                ('cluster_all', 'passthrough'),
                ('dummy', Dummify(target='Outcome')),
                ('fix_perfect', Remove_100(target='Outcome')),
                ('clean_names', Clean_Colum_Names()),
                ('feature_select', 'passthrough'), ('fix_multi', 'passthrough'),
                ('dfs', 'passthrough'), ('pca', 'passthrough')],
         verbose=False)
2022-03-26 17:54:24,076:INFO:setup() succesfully completed......................................
2022-03-26 17:54:24,224:INFO:Initializing compare_models()
2022-03-26 17:54:24,224:INFO:compare_models(include=None, fold=None, round=4, cross_validation=True, sort=Accuracy, n_select=1, budget_time=None, turbo=True, errors=ignore, fit_kwargs=None, groups=None, probability_threshold=None, verbose=True, display=None, exclude=None)
2022-03-26 17:54:24,224:INFO:Checking exceptions
2022-03-26 17:54:24,225:INFO:Preparing display monitor
2022-03-26 17:54:24,225:INFO:Preparing display monitor
2022-03-26 17:54:24,280:INFO:Initializing Logistic Regression
2022-03-26 17:54:24,280:INFO:Total runtime is 6.171067555745443e-06 minutes
2022-03-26 17:54:24,311:INFO:SubProcess create_model() called ==================================
2022-03-26 17:54:24,313:INFO:Initializing create_model()
2022-03-26 17:54:24,313:INFO:create_model(estimator=lr, fold=StratifiedKFold(n_splits=10, random_state=None, shuffle=False), round=4, cross_validation=True, predict=True, fit_kwargs={}, groups=None, refit=False, verbose=False, system=False, metrics=None, add_to_model_list=True, probability_threshold=None, display=<pycaret.internal.Display.Display object at 0x7fb989f84510>, kwargs={})
2022-03-26 17:54:24,313:INFO:Checking exceptions
2022-03-26 17:54:24,313:INFO:Importing libraries
2022-03-26 17:54:24,313:INFO:Copying training dataset
2022-03-26 17:54:24,315:INFO:Defining folds
2022-03-26 17:54:24,315:INFO:Declaring metric variables
2022-03-26 17:54:24,345:INFO:Importing untrained model
2022-03-26 17:54:24,377:INFO:Logistic Regression Imported succesfully
2022-03-26 17:54:24,438:INFO:Starting cross validation
2022-03-26 17:54:24,439:INFO:Cross validating with StratifiedKFold(n_splits=10, random_state=None, shuffle=False), n_jobs=-1
2022-03-26 17:55:40,845:INFO:Calculating mean and std
2022-03-26 17:55:40,887:INFO:Creating metrics dataframe
2022-03-26 17:55:40,915:INFO:Uploading results into container
2022-03-26 17:55:40,916:INFO:Uploading model into container now
2022-03-26 17:55:40,917:INFO:create_model_container: 1
2022-03-26 17:55:40,917:INFO:master_model_container: 1
2022-03-26 17:55:40,917:INFO:display_container: 2
2022-03-26 17:55:40,919:INFO:LogisticRegression(C=1.0, class_weight=None, dual=False, fit_intercept=True,
                   intercept_scaling=1, l1_ratio=None, max_iter=1000,
                   multi_class='auto', n_jobs=None, penalty='l2',
                   random_state=8730, solver='lbfgs', tol=0.0001, verbose=0,
                   warm_start=False)
2022-03-26 17:55:40,919:INFO:create_model() succesfully completed......................................
2022-03-26 17:55:41,293:INFO:SubProcess create_model() end ==================================
2022-03-26 17:55:41,293:INFO:Creating metrics dataframe
2022-03-26 17:55:41,500:INFO:Initializing K Neighbors Classifier
2022-03-26 17:55:41,500:INFO:Total runtime is 1.2870095570882163 minutes
2022-03-26 17:55:41,516:INFO:SubProcess create_model() called ==================================
2022-03-26 17:55:41,517:INFO:Initializing create_model()
2022-03-26 17:55:41,517:INFO:create_model(estimator=knn, fold=StratifiedKFold(n_splits=10, random_state=None, shuffle=False), round=4, cross_validation=True, predict=True, fit_kwargs={}, groups=None, refit=False, verbose=False, system=False, metrics=None, add_to_model_list=True, probability_threshold=None, display=<pycaret.internal.Display.Display object at 0x7fb989f84510>, kwargs={})
2022-03-26 17:55:41,517:INFO:Checking exceptions
2022-03-26 17:55:41,517:INFO:Importing libraries
2022-03-26 17:55:41,517:INFO:Copying training dataset
2022-03-26 17:55:41,519:INFO:Defining folds
2022-03-26 17:55:41,519:INFO:Declaring metric variables
2022-03-26 17:55:41,531:INFO:Importing untrained model
2022-03-26 17:55:41,545:INFO:K Neighbors Classifier Imported succesfully
2022-03-26 17:55:41,577:INFO:Starting cross validation
2022-03-26 17:55:41,579:INFO:Cross validating with StratifiedKFold(n_splits=10, random_state=None, shuffle=False), n_jobs=-1
2022-03-26 17:55:42,687:INFO:Calculating mean and std
2022-03-26 17:55:42,688:INFO:Creating metrics dataframe
2022-03-26 17:55:42,699:INFO:Uploading results into container
2022-03-26 17:55:42,699:INFO:Uploading model into container now
2022-03-26 17:55:42,699:INFO:create_model_container: 2
2022-03-26 17:55:42,699:INFO:master_model_container: 2
2022-03-26 17:55:42,699:INFO:display_container: 2
2022-03-26 17:55:42,700:INFO:KNeighborsClassifier(algorithm='auto', leaf_size=30, metric='minkowski',
                     metric_params=None, n_jobs=-1, n_neighbors=5, p=2,
                     weights='uniform')
2022-03-26 17:55:42,700:INFO:create_model() succesfully completed......................................
2022-03-26 17:55:42,854:INFO:SubProcess create_model() end ==================================
2022-03-26 17:55:42,854:INFO:Creating metrics dataframe
2022-03-26 17:55:42,907:INFO:Initializing Naive Bayes
2022-03-26 17:55:42,908:INFO:Total runtime is 1.3104626297950746 minutes
2022-03-26 17:55:42,926:INFO:SubProcess create_model() called ==================================
2022-03-26 17:55:42,927:INFO:Initializing create_model()
2022-03-26 17:55:42,927:INFO:create_model(estimator=nb, fold=StratifiedKFold(n_splits=10, random_state=None, shuffle=False), round=4, cross_validation=True, predict=True, fit_kwargs={}, groups=None, refit=False, verbose=False, system=False, metrics=None, add_to_model_list=True, probability_threshold=None, display=<pycaret.internal.Display.Display object at 0x7fb989f84510>, kwargs={})
2022-03-26 17:55:42,927:INFO:Checking exceptions
2022-03-26 17:55:42,927:INFO:Importing libraries
2022-03-26 17:55:42,927:INFO:Copying training dataset
2022-03-26 17:55:42,929:INFO:Defining folds
2022-03-26 17:55:42,929:INFO:Declaring metric variables
2022-03-26 17:55:42,948:INFO:Importing untrained model
2022-03-26 17:55:42,965:INFO:Naive Bayes Imported succesfully
2022-03-26 17:55:43,012:INFO:Starting cross validation
2022-03-26 17:55:43,014:INFO:Cross validating with StratifiedKFold(n_splits=10, random_state=None, shuffle=False), n_jobs=-1
2022-03-26 17:55:43,345:INFO:Calculating mean and std
2022-03-26 17:55:43,348:INFO:Creating metrics dataframe
2022-03-26 17:55:43,359:INFO:Uploading results into container
2022-03-26 17:55:43,359:INFO:Uploading model into container now
2022-03-26 17:55:43,360:INFO:create_model_container: 3
2022-03-26 17:55:43,360:INFO:master_model_container: 3
2022-03-26 17:55:43,360:INFO:display_container: 2
2022-03-26 17:55:43,360:INFO:GaussianNB(priors=None, var_smoothing=1e-09)
2022-03-26 17:55:43,361:INFO:create_model() succesfully completed......................................
2022-03-26 17:55:43,547:INFO:SubProcess create_model() end ==================================
2022-03-26 17:55:43,547:INFO:Creating metrics dataframe
2022-03-26 17:55:43,585:INFO:Initializing Decision Tree Classifier
2022-03-26 17:55:43,587:INFO:Total runtime is 1.321792264779409 minutes
2022-03-26 17:55:43,613:INFO:SubProcess create_model() called ==================================
2022-03-26 17:55:43,614:INFO:Initializing create_model()
2022-03-26 17:55:43,614:INFO:create_model(estimator=dt, fold=StratifiedKFold(n_splits=10, random_state=None, shuffle=False), round=4, cross_validation=True, predict=True, fit_kwargs={}, groups=None, refit=False, verbose=False, system=False, metrics=None, add_to_model_list=True, probability_threshold=None, display=<pycaret.internal.Display.Display object at 0x7fb989f84510>, kwargs={})
2022-03-26 17:55:43,614:INFO:Checking exceptions
2022-03-26 17:55:43,614:INFO:Importing libraries
2022-03-26 17:55:43,615:INFO:Copying training dataset
2022-03-26 17:55:43,617:INFO:Defining folds
2022-03-26 17:55:43,618:INFO:Declaring metric variables
2022-03-26 17:55:43,642:INFO:Importing untrained model
2022-03-26 17:55:43,665:INFO:Decision Tree Classifier Imported succesfully
2022-03-26 17:55:43,702:INFO:Starting cross validation
2022-03-26 17:55:43,703:INFO:Cross validating with StratifiedKFold(n_splits=10, random_state=None, shuffle=False), n_jobs=-1
2022-03-26 17:55:44,085:INFO:Calculating mean and std
2022-03-26 17:55:44,087:INFO:Creating metrics dataframe
2022-03-26 17:55:44,095:INFO:Uploading results into container
2022-03-26 17:55:44,096:INFO:Uploading model into container now
2022-03-26 17:55:44,096:INFO:create_model_container: 4
2022-03-26 17:55:44,096:INFO:master_model_container: 4
2022-03-26 17:55:44,096:INFO:display_container: 2
2022-03-26 17:55:44,097:INFO:DecisionTreeClassifier(ccp_alpha=0.0, class_weight=None, criterion='gini',
                       max_depth=None, max_features=None, max_leaf_nodes=None,
                       min_impurity_decrease=0.0, min_impurity_split=None,
                       min_samples_leaf=1, min_samples_split=2,
                       min_weight_fraction_leaf=0.0, presort='deprecated',
                       random_state=8730, splitter='best')
2022-03-26 17:55:44,097:INFO:create_model() succesfully completed......................................
2022-03-26 17:55:44,246:INFO:SubProcess create_model() end ==================================
2022-03-26 17:55:44,246:INFO:Creating metrics dataframe
2022-03-26 17:55:44,282:INFO:Initializing SVM - Linear Kernel
2022-03-26 17:55:44,282:INFO:Total runtime is 1.3333691318829857 minutes
2022-03-26 17:55:44,301:INFO:SubProcess create_model() called ==================================
2022-03-26 17:55:44,301:INFO:Initializing create_model()
2022-03-26 17:55:44,302:INFO:create_model(estimator=svm, fold=StratifiedKFold(n_splits=10, random_state=None, shuffle=False), round=4, cross_validation=True, predict=True, fit_kwargs={}, groups=None, refit=False, verbose=False, system=False, metrics=None, add_to_model_list=True, probability_threshold=None, display=<pycaret.internal.Display.Display object at 0x7fb989f84510>, kwargs={})
2022-03-26 17:55:44,302:INFO:Checking exceptions
2022-03-26 17:55:44,302:INFO:Importing libraries
2022-03-26 17:55:44,302:INFO:Copying training dataset
2022-03-26 17:55:44,305:INFO:Defining folds
2022-03-26 17:55:44,305:INFO:Declaring metric variables
2022-03-26 17:55:44,324:INFO:Importing untrained model
2022-03-26 17:55:44,345:INFO:SVM - Linear Kernel Imported succesfully
2022-03-26 17:55:44,391:INFO:Starting cross validation
2022-03-26 17:55:44,393:INFO:Cross validating with StratifiedKFold(n_splits=10, random_state=None, shuffle=False), n_jobs=-1
2022-03-26 17:55:44,832:INFO:Calculating mean and std
2022-03-26 17:55:44,833:INFO:Creating metrics dataframe
2022-03-26 17:55:44,848:INFO:Uploading results into container
2022-03-26 17:55:44,848:INFO:Uploading model into container now
2022-03-26 17:55:44,849:INFO:create_model_container: 5
2022-03-26 17:55:44,851:INFO:master_model_container: 5
2022-03-26 17:55:44,851:INFO:display_container: 2
2022-03-26 17:55:44,852:INFO:SGDClassifier(alpha=0.0001, average=False, class_weight=None,
              early_stopping=False, epsilon=0.1, eta0=0.001, fit_intercept=True,
              l1_ratio=0.15, learning_rate='optimal', loss='hinge',
              max_iter=1000, n_iter_no_change=5, n_jobs=-1, penalty='l2',
              power_t=0.5, random_state=8730, shuffle=True, tol=0.001,
              validation_fraction=0.1, verbose=0, warm_start=False)
2022-03-26 17:55:44,852:INFO:create_model() succesfully completed......................................
2022-03-26 17:55:45,052:INFO:SubProcess create_model() end ==================================
2022-03-26 17:55:45,052:INFO:Creating metrics dataframe
2022-03-26 17:55:45,090:INFO:Initializing Ridge Classifier
2022-03-26 17:55:45,090:INFO:Total runtime is 1.346836868921916 minutes
2022-03-26 17:55:45,110:INFO:SubProcess create_model() called ==================================
2022-03-26 17:55:45,111:INFO:Initializing create_model()
2022-03-26 17:55:45,111:INFO:create_model(estimator=ridge, fold=StratifiedKFold(n_splits=10, random_state=None, shuffle=False), round=4, cross_validation=True, predict=True, fit_kwargs={}, groups=None, refit=False, verbose=False, system=False, metrics=None, add_to_model_list=True, probability_threshold=None, display=<pycaret.internal.Display.Display object at 0x7fb989f84510>, kwargs={})
2022-03-26 17:55:45,111:INFO:Checking exceptions
2022-03-26 17:55:45,112:INFO:Importing libraries
2022-03-26 17:55:45,112:INFO:Copying training dataset
2022-03-26 17:55:45,113:INFO:Defining folds
2022-03-26 17:55:45,114:INFO:Declaring metric variables
2022-03-26 17:55:45,131:INFO:Importing untrained model
2022-03-26 17:55:45,148:INFO:Ridge Classifier Imported succesfully
2022-03-26 17:55:45,188:INFO:Starting cross validation
2022-03-26 17:55:45,189:INFO:Cross validating with StratifiedKFold(n_splits=10, random_state=None, shuffle=False), n_jobs=-1
2022-03-26 17:55:46,139:INFO:Calculating mean and std
2022-03-26 17:55:46,140:INFO:Creating metrics dataframe
2022-03-26 17:55:46,147:INFO:Uploading results into container
2022-03-26 17:55:46,147:INFO:Uploading model into container now
2022-03-26 17:55:46,147:INFO:create_model_container: 6
2022-03-26 17:55:46,148:INFO:master_model_container: 6
2022-03-26 17:55:46,148:INFO:display_container: 2
2022-03-26 17:55:46,148:INFO:RidgeClassifier(alpha=1.0, class_weight=None, copy_X=True, fit_intercept=True,
                max_iter=None, normalize=False, random_state=8730,
                solver='auto', tol=0.001)
2022-03-26 17:55:46,149:INFO:create_model() succesfully completed......................................
2022-03-26 17:55:46,294:INFO:SubProcess create_model() end ==================================
2022-03-26 17:55:46,294:INFO:Creating metrics dataframe
2022-03-26 17:55:46,329:INFO:Initializing Random Forest Classifier
2022-03-26 17:55:46,329:INFO:Total runtime is 1.3674850742022198 minutes
2022-03-26 17:55:46,345:INFO:SubProcess create_model() called ==================================
2022-03-26 17:55:46,346:INFO:Initializing create_model()
2022-03-26 17:55:46,346:INFO:create_model(estimator=rf, fold=StratifiedKFold(n_splits=10, random_state=None, shuffle=False), round=4, cross_validation=True, predict=True, fit_kwargs={}, groups=None, refit=False, verbose=False, system=False, metrics=None, add_to_model_list=True, probability_threshold=None, display=<pycaret.internal.Display.Display object at 0x7fb989f84510>, kwargs={})
2022-03-26 17:55:46,346:INFO:Checking exceptions
2022-03-26 17:55:46,346:INFO:Importing libraries
2022-03-26 17:55:46,346:INFO:Copying training dataset
2022-03-26 17:55:46,348:INFO:Defining folds
2022-03-26 17:55:46,348:INFO:Declaring metric variables
2022-03-26 17:55:46,362:INFO:Importing untrained model
2022-03-26 17:55:46,379:INFO:Random Forest Classifier Imported succesfully
2022-03-26 17:55:46,413:INFO:Starting cross validation
2022-03-26 17:55:46,414:INFO:Cross validating with StratifiedKFold(n_splits=10, random_state=None, shuffle=False), n_jobs=-1
2022-03-26 17:55:50,291:INFO:Calculating mean and std
2022-03-26 17:55:50,294:INFO:Creating metrics dataframe
2022-03-26 17:55:50,303:INFO:Uploading results into container
2022-03-26 17:55:50,304:INFO:Uploading model into container now
2022-03-26 17:55:50,304:INFO:create_model_container: 7
2022-03-26 17:55:50,304:INFO:master_model_container: 7
2022-03-26 17:55:50,304:INFO:display_container: 2
2022-03-26 17:55:50,305:INFO:RandomForestClassifier(bootstrap=True, ccp_alpha=0.0, class_weight=None,
                       criterion='gini', max_depth=None, max_features='auto',
                       max_leaf_nodes=None, max_samples=None,
                       min_impurity_decrease=0.0, min_impurity_split=None,
                       min_samples_leaf=1, min_samples_split=2,
                       min_weight_fraction_leaf=0.0, n_estimators=100,
                       n_jobs=-1, oob_score=False, random_state=8730, verbose=0,
                       warm_start=False)
2022-03-26 17:55:50,305:INFO:create_model() succesfully completed......................................
2022-03-26 17:55:50,451:INFO:SubProcess create_model() end ==================================
2022-03-26 17:55:50,451:INFO:Creating metrics dataframe
2022-03-26 17:55:50,481:INFO:Initializing Quadratic Discriminant Analysis
2022-03-26 17:55:50,481:INFO:Total runtime is 1.4366907238960267 minutes
2022-03-26 17:55:50,502:INFO:SubProcess create_model() called ==================================
2022-03-26 17:55:50,503:INFO:Initializing create_model()
2022-03-26 17:55:50,503:INFO:create_model(estimator=qda, fold=StratifiedKFold(n_splits=10, random_state=None, shuffle=False), round=4, cross_validation=True, predict=True, fit_kwargs={}, groups=None, refit=False, verbose=False, system=False, metrics=None, add_to_model_list=True, probability_threshold=None, display=<pycaret.internal.Display.Display object at 0x7fb989f84510>, kwargs={})
2022-03-26 17:55:50,503:INFO:Checking exceptions
2022-03-26 17:55:50,503:INFO:Importing libraries
2022-03-26 17:55:50,503:INFO:Copying training dataset
2022-03-26 17:55:50,506:INFO:Defining folds
2022-03-26 17:55:50,506:INFO:Declaring metric variables
2022-03-26 17:55:50,522:INFO:Importing untrained model
2022-03-26 17:55:50,544:INFO:Quadratic Discriminant Analysis Imported succesfully
2022-03-26 17:55:50,583:INFO:Starting cross validation
2022-03-26 17:55:50,585:INFO:Cross validating with StratifiedKFold(n_splits=10, random_state=None, shuffle=False), n_jobs=-1
2022-03-26 17:55:51,714:INFO:Calculating mean and std
2022-03-26 17:55:51,716:INFO:Creating metrics dataframe
2022-03-26 17:55:51,726:INFO:Uploading results into container
2022-03-26 17:55:51,726:INFO:Uploading model into container now
2022-03-26 17:55:51,726:INFO:create_model_container: 8
2022-03-26 17:55:51,727:INFO:master_model_container: 8
2022-03-26 17:55:51,727:INFO:display_container: 2
2022-03-26 17:55:51,727:INFO:QuadraticDiscriminantAnalysis(priors=None, reg_param=0.0,
                              store_covariance=False, tol=0.0001)
2022-03-26 17:55:51,727:INFO:create_model() succesfully completed......................................
2022-03-26 17:55:51,872:INFO:SubProcess create_model() end ==================================
2022-03-26 17:55:51,873:INFO:Creating metrics dataframe
2022-03-26 17:55:51,903:INFO:Initializing Ada Boost Classifier
2022-03-26 17:55:51,903:INFO:Total runtime is 1.4603904445966085 minutes
2022-03-26 17:55:51,918:INFO:SubProcess create_model() called ==================================
2022-03-26 17:55:51,919:INFO:Initializing create_model()
2022-03-26 17:55:51,919:INFO:create_model(estimator=ada, fold=StratifiedKFold(n_splits=10, random_state=None, shuffle=False), round=4, cross_validation=True, predict=True, fit_kwargs={}, groups=None, refit=False, verbose=False, system=False, metrics=None, add_to_model_list=True, probability_threshold=None, display=<pycaret.internal.Display.Display object at 0x7fb989f84510>, kwargs={})
2022-03-26 17:55:51,919:INFO:Checking exceptions
2022-03-26 17:55:51,920:INFO:Importing libraries
2022-03-26 17:55:51,920:INFO:Copying training dataset
2022-03-26 17:55:51,921:INFO:Defining folds
2022-03-26 17:55:51,921:INFO:Declaring metric variables
2022-03-26 17:55:51,937:INFO:Importing untrained model
2022-03-26 17:55:51,957:INFO:Ada Boost Classifier Imported succesfully
2022-03-26 17:55:51,995:INFO:Starting cross validation
2022-03-26 17:55:51,996:INFO:Cross validating with StratifiedKFold(n_splits=10, random_state=None, shuffle=False), n_jobs=-1
2022-03-26 17:55:52,980:INFO:Calculating mean and std
2022-03-26 17:55:52,982:INFO:Creating metrics dataframe
2022-03-26 17:55:52,990:INFO:Uploading results into container
2022-03-26 17:55:52,990:INFO:Uploading model into container now
2022-03-26 17:55:52,991:INFO:create_model_container: 9
2022-03-26 17:55:52,991:INFO:master_model_container: 9
2022-03-26 17:55:52,991:INFO:display_container: 2
2022-03-26 17:55:52,991:INFO:AdaBoostClassifier(algorithm='SAMME.R', base_estimator=None, learning_rate=1.0,
                   n_estimators=50, random_state=8730)
2022-03-26 17:55:52,991:INFO:create_model() succesfully completed......................................
2022-03-26 17:55:53,136:INFO:SubProcess create_model() end ==================================
2022-03-26 17:55:53,136:INFO:Creating metrics dataframe
2022-03-26 17:55:53,168:INFO:Initializing Gradient Boosting Classifier
2022-03-26 17:55:53,168:INFO:Total runtime is 1.4814699570337932 minutes
2022-03-26 17:55:53,184:INFO:SubProcess create_model() called ==================================
2022-03-26 17:55:53,185:INFO:Initializing create_model()
2022-03-26 17:55:53,185:INFO:create_model(estimator=gbc, fold=StratifiedKFold(n_splits=10, random_state=None, shuffle=False), round=4, cross_validation=True, predict=True, fit_kwargs={}, groups=None, refit=False, verbose=False, system=False, metrics=None, add_to_model_list=True, probability_threshold=None, display=<pycaret.internal.Display.Display object at 0x7fb989f84510>, kwargs={})
2022-03-26 17:55:53,185:INFO:Checking exceptions
2022-03-26 17:55:53,185:INFO:Importing libraries
2022-03-26 17:55:53,186:INFO:Copying training dataset
2022-03-26 17:55:53,187:INFO:Defining folds
2022-03-26 17:55:53,187:INFO:Declaring metric variables
2022-03-26 17:55:53,205:INFO:Importing untrained model
2022-03-26 17:55:53,229:INFO:Gradient Boosting Classifier Imported succesfully
2022-03-26 17:55:53,280:INFO:Starting cross validation
2022-03-26 17:55:53,282:INFO:Cross validating with StratifiedKFold(n_splits=10, random_state=None, shuffle=False), n_jobs=-1
2022-03-26 17:55:54,379:INFO:Calculating mean and std
2022-03-26 17:55:54,381:INFO:Creating metrics dataframe
2022-03-26 17:55:54,390:INFO:Uploading results into container
2022-03-26 17:55:54,391:INFO:Uploading model into container now
2022-03-26 17:55:54,391:INFO:create_model_container: 10
2022-03-26 17:55:54,391:INFO:master_model_container: 10
2022-03-26 17:55:54,391:INFO:display_container: 2
2022-03-26 17:55:54,392:INFO:GradientBoostingClassifier(ccp_alpha=0.0, criterion='friedman_mse', init=None,
                           learning_rate=0.1, loss='deviance', max_depth=3,
                           max_features=None, max_leaf_nodes=None,
                           min_impurity_decrease=0.0, min_impurity_split=None,
                           min_samples_leaf=1, min_samples_split=2,
                           min_weight_fraction_leaf=0.0, n_estimators=100,
                           n_iter_no_change=None, presort='deprecated',
                           random_state=8730, subsample=1.0, tol=0.0001,
                           validation_fraction=0.1, verbose=0,
                           warm_start=False)
2022-03-26 17:55:54,392:INFO:create_model() succesfully completed......................................
2022-03-26 17:55:54,541:INFO:SubProcess create_model() end ==================================
2022-03-26 17:55:54,542:INFO:Creating metrics dataframe
2022-03-26 17:55:54,575:INFO:Initializing Linear Discriminant Analysis
2022-03-26 17:55:54,575:INFO:Total runtime is 1.5049222032229106 minutes
2022-03-26 17:55:54,595:INFO:SubProcess create_model() called ==================================
2022-03-26 17:55:54,596:INFO:Initializing create_model()
2022-03-26 17:55:54,596:INFO:create_model(estimator=lda, fold=StratifiedKFold(n_splits=10, random_state=None, shuffle=False), round=4, cross_validation=True, predict=True, fit_kwargs={}, groups=None, refit=False, verbose=False, system=False, metrics=None, add_to_model_list=True, probability_threshold=None, display=<pycaret.internal.Display.Display object at 0x7fb989f84510>, kwargs={})
2022-03-26 17:55:54,596:INFO:Checking exceptions
2022-03-26 17:55:54,596:INFO:Importing libraries
2022-03-26 17:55:54,596:INFO:Copying training dataset
2022-03-26 17:55:54,598:INFO:Defining folds
2022-03-26 17:55:54,598:INFO:Declaring metric variables
2022-03-26 17:55:54,624:INFO:Importing untrained model
2022-03-26 17:55:54,646:INFO:Linear Discriminant Analysis Imported succesfully
2022-03-26 17:55:54,695:INFO:Starting cross validation
2022-03-26 17:55:54,697:INFO:Cross validating with StratifiedKFold(n_splits=10, random_state=None, shuffle=False), n_jobs=-1
2022-03-26 17:55:55,202:INFO:Calculating mean and std
2022-03-26 17:55:55,204:INFO:Creating metrics dataframe
2022-03-26 17:55:55,210:INFO:Uploading results into container
2022-03-26 17:55:55,211:INFO:Uploading model into container now
2022-03-26 17:55:55,211:INFO:create_model_container: 11
2022-03-26 17:55:55,211:INFO:master_model_container: 11
2022-03-26 17:55:55,211:INFO:display_container: 2
2022-03-26 17:55:55,211:INFO:LinearDiscriminantAnalysis(n_components=None, priors=None, shrinkage=None,
                           solver='svd', store_covariance=False, tol=0.0001)
2022-03-26 17:55:55,211:INFO:create_model() succesfully completed......................................
2022-03-26 17:55:55,355:INFO:SubProcess create_model() end ==================================
2022-03-26 17:55:55,355:INFO:Creating metrics dataframe
2022-03-26 17:55:55,393:INFO:Initializing Extra Trees Classifier
2022-03-26 17:55:55,393:INFO:Total runtime is 1.5185602267583211 minutes
2022-03-26 17:55:55,417:INFO:SubProcess create_model() called ==================================
2022-03-26 17:55:55,418:INFO:Initializing create_model()
2022-03-26 17:55:55,418:INFO:create_model(estimator=et, fold=StratifiedKFold(n_splits=10, random_state=None, shuffle=False), round=4, cross_validation=True, predict=True, fit_kwargs={}, groups=None, refit=False, verbose=False, system=False, metrics=None, add_to_model_list=True, probability_threshold=None, display=<pycaret.internal.Display.Display object at 0x7fb989f84510>, kwargs={})
2022-03-26 17:55:55,418:INFO:Checking exceptions
2022-03-26 17:55:55,418:INFO:Importing libraries
2022-03-26 17:55:55,418:INFO:Copying training dataset
2022-03-26 17:55:55,421:INFO:Defining folds
2022-03-26 17:55:55,421:INFO:Declaring metric variables
2022-03-26 17:55:55,446:INFO:Importing untrained model
2022-03-26 17:55:55,472:INFO:Extra Trees Classifier Imported succesfully
2022-03-26 17:55:55,515:INFO:Starting cross validation
2022-03-26 17:55:55,516:INFO:Cross validating with StratifiedKFold(n_splits=10, random_state=None, shuffle=False), n_jobs=-1
2022-03-26 17:55:58,795:INFO:Calculating mean and std
2022-03-26 17:55:58,797:INFO:Creating metrics dataframe
2022-03-26 17:55:58,804:INFO:Uploading results into container
2022-03-26 17:55:58,804:INFO:Uploading model into container now
2022-03-26 17:55:58,804:INFO:create_model_container: 12
2022-03-26 17:55:58,804:INFO:master_model_container: 12
2022-03-26 17:55:58,804:INFO:display_container: 2
2022-03-26 17:55:58,806:INFO:ExtraTreesClassifier(bootstrap=False, ccp_alpha=0.0, class_weight=None,
                     criterion='gini', max_depth=None, max_features='auto',
                     max_leaf_nodes=None, max_samples=None,
                     min_impurity_decrease=0.0, min_impurity_split=None,
                     min_samples_leaf=1, min_samples_split=2,
                     min_weight_fraction_leaf=0.0, n_estimators=100, n_jobs=-1,
                     oob_score=False, random_state=8730, verbose=0,
                     warm_start=False)
2022-03-26 17:55:58,806:INFO:create_model() succesfully completed......................................
2022-03-26 17:55:58,952:INFO:SubProcess create_model() end ==================================
2022-03-26 17:55:58,953:INFO:Creating metrics dataframe
2022-03-26 17:55:58,985:INFO:Initializing Light Gradient Boosting Machine
2022-03-26 17:55:58,985:INFO:Total runtime is 1.578426734606425 minutes
2022-03-26 17:55:59,005:INFO:SubProcess create_model() called ==================================
2022-03-26 17:55:59,006:INFO:Initializing create_model()
2022-03-26 17:55:59,006:INFO:create_model(estimator=lightgbm, fold=StratifiedKFold(n_splits=10, random_state=None, shuffle=False), round=4, cross_validation=True, predict=True, fit_kwargs={}, groups=None, refit=False, verbose=False, system=False, metrics=None, add_to_model_list=True, probability_threshold=None, display=<pycaret.internal.Display.Display object at 0x7fb989f84510>, kwargs={})
2022-03-26 17:55:59,007:INFO:Checking exceptions
2022-03-26 17:55:59,007:INFO:Importing libraries
2022-03-26 17:55:59,007:INFO:Copying training dataset
2022-03-26 17:55:59,009:INFO:Defining folds
2022-03-26 17:55:59,010:INFO:Declaring metric variables
2022-03-26 17:55:59,026:INFO:Importing untrained model
2022-03-26 17:55:59,052:INFO:Light Gradient Boosting Machine Imported succesfully
2022-03-26 17:55:59,097:INFO:Starting cross validation
2022-03-26 17:55:59,098:INFO:Cross validating with StratifiedKFold(n_splits=10, random_state=None, shuffle=False), n_jobs=-1
2022-03-26 17:56:28,372:INFO:Calculating mean and std
2022-03-26 17:56:28,374:INFO:Creating metrics dataframe
2022-03-26 17:56:28,386:INFO:Uploading results into container
2022-03-26 17:56:28,387:INFO:Uploading model into container now
2022-03-26 17:56:28,387:INFO:create_model_container: 13
2022-03-26 17:56:28,387:INFO:master_model_container: 13
2022-03-26 17:56:28,387:INFO:display_container: 2
2022-03-26 17:56:28,388:INFO:LGBMClassifier(boosting_type='gbdt', class_weight=None, colsample_bytree=1.0,
               importance_type='split', learning_rate=0.1, max_depth=-1,
               min_child_samples=20, min_child_weight=0.001, min_split_gain=0.0,
               n_estimators=100, n_jobs=-1, num_leaves=31, objective=None,
               random_state=8730, reg_alpha=0.0, reg_lambda=0.0, silent='warn',
               subsample=1.0, subsample_for_bin=200000, subsample_freq=0)
2022-03-26 17:56:28,389:INFO:create_model() succesfully completed......................................
2022-03-26 17:56:28,532:INFO:SubProcess create_model() end ==================================
2022-03-26 17:56:28,532:INFO:Creating metrics dataframe
2022-03-26 17:56:28,565:INFO:Initializing Dummy Classifier
2022-03-26 17:56:28,565:INFO:Total runtime is 2.071418023109436 minutes
2022-03-26 17:56:28,582:INFO:SubProcess create_model() called ==================================
2022-03-26 17:56:28,583:INFO:Initializing create_model()
2022-03-26 17:56:28,583:INFO:create_model(estimator=dummy, fold=StratifiedKFold(n_splits=10, random_state=None, shuffle=False), round=4, cross_validation=True, predict=True, fit_kwargs={}, groups=None, refit=False, verbose=False, system=False, metrics=None, add_to_model_list=True, probability_threshold=None, display=<pycaret.internal.Display.Display object at 0x7fb989f84510>, kwargs={})
2022-03-26 17:56:28,583:INFO:Checking exceptions
2022-03-26 17:56:28,583:INFO:Importing libraries
2022-03-26 17:56:28,584:INFO:Copying training dataset
2022-03-26 17:56:28,585:INFO:Defining folds
2022-03-26 17:56:28,586:INFO:Declaring metric variables
2022-03-26 17:56:28,602:INFO:Importing untrained model
2022-03-26 17:56:28,618:INFO:Dummy Classifier Imported succesfully
2022-03-26 17:56:28,661:INFO:Starting cross validation
2022-03-26 17:56:28,662:INFO:Cross validating with StratifiedKFold(n_splits=10, random_state=None, shuffle=False), n_jobs=-1
2022-03-26 17:56:28,827:INFO:Calculating mean and std
2022-03-26 17:56:28,829:INFO:Creating metrics dataframe
2022-03-26 17:56:28,838:INFO:Uploading results into container
2022-03-26 17:56:28,839:INFO:Uploading model into container now
2022-03-26 17:56:28,839:INFO:create_model_container: 14
2022-03-26 17:56:28,839:INFO:master_model_container: 14
2022-03-26 17:56:28,839:INFO:display_container: 2
2022-03-26 17:56:28,840:INFO:DummyClassifier(constant=None, random_state=8730, strategy='prior')
2022-03-26 17:56:28,840:INFO:create_model() succesfully completed......................................
2022-03-26 17:56:28,985:INFO:SubProcess create_model() end ==================================
2022-03-26 17:56:28,986:INFO:Creating metrics dataframe
2022-03-26 17:56:29,146:INFO:Initializing create_model()
2022-03-26 17:56:29,146:INFO:create_model(estimator=LogisticRegression(C=1.0, class_weight=None, dual=False, fit_intercept=True,
                   intercept_scaling=1, l1_ratio=None, max_iter=1000,
                   multi_class='auto', n_jobs=None, penalty='l2',
                   random_state=8730, solver='lbfgs', tol=0.0001, verbose=0,
                   warm_start=False), fold=StratifiedKFold(n_splits=10, random_state=None, shuffle=False), round=4, cross_validation=False, predict=False, fit_kwargs={}, groups=None, refit=True, verbose=False, system=False, metrics=None, add_to_model_list=True, probability_threshold=None, display=None, kwargs={})
2022-03-26 17:56:29,146:INFO:Checking exceptions
2022-03-26 17:56:29,146:INFO:Importing libraries
2022-03-26 17:56:29,147:INFO:Copying training dataset
2022-03-26 17:56:29,148:INFO:Defining folds
2022-03-26 17:56:29,148:INFO:Declaring metric variables
2022-03-26 17:56:29,148:INFO:Importing untrained model
2022-03-26 17:56:29,148:INFO:Declaring custom model
2022-03-26 17:56:29,150:INFO:Logistic Regression Imported succesfully
2022-03-26 17:56:29,152:INFO:Cross validation set to False
2022-03-26 17:56:29,152:INFO:Fitting Model
2022-03-26 17:56:30,174:INFO:LogisticRegression(C=1.0, class_weight=None, dual=False, fit_intercept=True,
                   intercept_scaling=1, l1_ratio=None, max_iter=1000,
                   multi_class='auto', n_jobs=None, penalty='l2',
                   random_state=8730, solver='lbfgs', tol=0.0001, verbose=0,
                   warm_start=False)
2022-03-26 17:56:30,175:INFO:create_models() succesfully completed......................................
2022-03-26 17:56:30,489:INFO:create_model_container: 14
2022-03-26 17:56:30,489:INFO:master_model_container: 14
2022-03-26 17:56:30,490:INFO:display_container: 2
2022-03-26 17:56:30,491:INFO:LogisticRegression(C=1.0, class_weight=None, dual=False, fit_intercept=True,
                   intercept_scaling=1, l1_ratio=None, max_iter=1000,
                   multi_class='auto', n_jobs=None, penalty='l2',
                   random_state=8730, solver='lbfgs', tol=0.0001, verbose=0,
                   warm_start=False)
2022-03-26 17:56:30,491:INFO:compare_models() succesfully completed......................................
2022-03-26 18:00:31,190:INFO:PyCaret Supervised Module
2022-03-26 18:00:31,205:INFO:ML Usecase: classification
2022-03-26 18:00:31,206:INFO:version 2.3.6
2022-03-26 18:00:31,206:INFO:Initializing setup()
2022-03-26 18:00:31,206:INFO:setup(target=Outcome, ml_usecase=classification, available_plots={'parameter': 'Hyperparameters', 'auc': 'AUC', 'confusion_matrix': 'Confusion Matrix', 'threshold': 'Threshold', 'pr': 'Precision Recall', 'error': 'Prediction Error', 'class_report': 'Class Report', 'rfe': 'Feature Selection', 'learning': 'Learning Curve', 'manifold': 'Manifold Learning', 'calibration': 'Calibration Curve', 'vc': 'Validation Curve', 'dimension': 'Dimensions', 'feature': 'Feature Importance', 'feature_all': 'Feature Importance (All)', 'boundary': 'Decision Boundary', 'lift': 'Lift Chart', 'gain': 'Gain Chart', 'tree': 'Decision Tree', 'ks': 'KS Statistic Plot'}, train_size=0.7, test_data=None, preprocess=True, imputation_type=simple, iterative_imputation_iters=5, categorical_features=None, categorical_imputation=constant, categorical_iterative_imputer=lightgbm, ordinal_features=None, high_cardinality_features=None, high_cardinality_method=frequency, numeric_features=None, numeric_imputation=mean, numeric_iterative_imputer=lightgbm, date_features=None, ignore_features=None, normalize=False, normalize_method=zscore, transformation=False, transformation_method=yeo-johnson, handle_unknown_categorical=True, unknown_categorical_method=least_frequent, pca=False, pca_method=linear, pca_components=None, ignore_low_variance=False, combine_rare_levels=False, rare_level_threshold=0.1, bin_numeric_features=None, remove_outliers=False, outliers_threshold=0.05, remove_multicollinearity=False, multicollinearity_threshold=0.9, remove_perfect_collinearity=True, create_clusters=False, cluster_iter=20, polynomial_features=False, polynomial_degree=2, trigonometry_features=False, polynomial_threshold=0.1, group_features=None, group_names=None, feature_selection=False, feature_selection_threshold=0.8, feature_selection_method=classic, feature_interaction=False, feature_ratio=False, interaction_threshold=0.01, fix_imbalance=False, fix_imbalance_method=None, transform_target=False, transform_target_method=box-cox, data_split_shuffle=True, data_split_stratify=False, fold_strategy=stratifiedkfold, fold=10, fold_shuffle=False, fold_groups=None, n_jobs=-1, use_gpu=False, custom_pipeline=None, html=True, session_id=None, log_experiment=False, experiment_name=None, log_plots=False, log_profile=False, log_data=False, silent=False, verbose=True, profile=False, profile_kwargs=None, display=None)
2022-03-26 18:00:31,207:INFO:Checking environment
2022-03-26 18:00:31,207:INFO:python_version: 3.7.10
2022-03-26 18:00:31,207:INFO:python_build: ('default', 'Jun  4 2021 14:48:32')
2022-03-26 18:00:31,207:INFO:machine: x86_64
2022-03-26 18:00:31,207:INFO:platform: Linux-5.4.0-105-generic-x86_64-with-debian-bullseye-sid
2022-03-26 18:00:31,208:INFO:Memory: svmem(total=4008153088, available=600899584, percent=85.0, used=2922528768, free=313696256, active=2521288704, inactive=745549824, buffers=100003840, cached=671924224, shared=223858688, slab=269365248)
2022-03-26 18:00:31,208:INFO:Physical Core: 2
2022-03-26 18:00:31,209:INFO:Logical Core: 4
2022-03-26 18:00:31,209:INFO:Checking libraries
2022-03-26 18:00:31,209:INFO:pd==1.3.4
2022-03-26 18:00:31,209:INFO:numpy==1.19.5
2022-03-26 18:00:31,209:INFO:sklearn==0.23.2
2022-03-26 18:00:31,209:INFO:lightgbm==3.3.2
2022-03-26 18:00:31,241:WARNING:catboost not found
2022-03-26 18:00:31,242:WARNING:xgboost not found
2022-03-26 18:00:31,242:INFO:mlflow==1.24.0
2022-03-26 18:00:31,242:INFO:Checking Exceptions
2022-03-26 18:00:31,242:INFO:Declaring global variables
2022-03-26 18:00:31,243:INFO:USI: 28d5
2022-03-26 18:00:31,243:INFO:pycaret_globals: {'_all_models_internal', '_all_models', 'exp_name_log', 'gpu_param', 'n_jobs_param', 'y_test', 'fold_groups_param', 'logging_param', 'experiment__', 'display_container', '_ml_usecase', 'transform_target_method_param', 'X_train', 'fix_imbalance_method_param', '_all_metrics', 'master_model_container', 'target_param', 'seed', 'html_param', 'fold_param', 'X_test', 'imputation_classifier', 'y', 'iterative_imputation_iters_param', 'transform_target_param', 'create_model_container', 'stratify_param', 'fold_generator', 'log_plots_param', '_available_plots', 'prep_pipe', 'imputation_regressor', 'fix_imbalance_param', 'pycaret_globals', 'data_before_preprocess', 'y_train', 'fold_shuffle_param', '_internal_pipeline', 'USI', 'fold_groups_param_full', 'X', '_gpu_n_jobs_param'}
2022-03-26 18:00:31,243:INFO:Preparing display monitor
2022-03-26 18:00:31,243:INFO:Preparing display monitor
2022-03-26 18:00:31,366:INFO:Importing libraries
2022-03-26 18:00:31,367:INFO:Copying data for preprocessing
2022-03-26 18:00:31,473:INFO:Declaring preprocessing parameters
2022-03-26 18:00:31,475:INFO:Creating preprocessing pipeline
2022-03-26 18:00:31,576:INFO:Preprocessing pipeline created successfully
2022-03-26 18:00:31,577:ERROR:(Process Exit): setup has been interupted with user command 'quit'. setup must rerun.
2022-03-26 18:00:31,577:INFO:Creating global containers
2022-03-26 18:00:31,577:INFO:Internal pipeline: Pipeline(memory=None, steps=[('empty_step', 'passthrough')], verbose=False)
2022-03-26 18:00:35,014:WARNING:Couldn't import xgboost.XGBClassifier
2022-03-26 18:00:35,014:WARNING:Couldn't import catboost.CatBoostClassifier
2022-03-26 18:00:35,185:WARNING:Couldn't import xgboost.XGBClassifier
2022-03-26 18:00:35,186:WARNING:Couldn't import catboost.CatBoostClassifier
2022-03-26 18:00:35,187:INFO:Creating grid variables
2022-03-26 18:00:35,213:INFO:create_model_container: 0
2022-03-26 18:00:35,213:INFO:master_model_container: 0
2022-03-26 18:00:35,214:INFO:display_container: 1
2022-03-26 18:00:35,223:INFO:Pipeline(memory=None,
         steps=[('dtypes',
                 DataTypes_Auto_infer(categorical_features=[],
                                      display_types=True, features_todrop=[],
                                      id_columns=[],
                                      ml_usecase='classification',
                                      numerical_features=[], target='Outcome',
                                      time_features=[])),
                ('imputer',
                 Simple_Imputer(categorical_strategy='not_available',
                                fill_value_categorical=None,
                                fill_value_numerical=None,
                                numeric_stra...
                ('scaling', 'passthrough'), ('P_transform', 'passthrough'),
                ('binn', 'passthrough'), ('rem_outliers', 'passthrough'),
                ('cluster_all', 'passthrough'),
                ('dummy', Dummify(target='Outcome')),
                ('fix_perfect', Remove_100(target='Outcome')),
                ('clean_names', Clean_Colum_Names()),
                ('feature_select', 'passthrough'), ('fix_multi', 'passthrough'),
                ('dfs', 'passthrough'), ('pca', 'passthrough')],
         verbose=False)
2022-03-26 18:00:35,223:INFO:setup() succesfully completed......................................
2022-03-26 18:00:36,336:INFO:Initializing compare_models()
2022-03-26 18:00:36,336:INFO:compare_models(include=None, fold=None, round=4, cross_validation=True, sort=Accuracy, n_select=1, budget_time=None, turbo=True, errors=ignore, fit_kwargs=None, groups=None, probability_threshold=None, verbose=True, display=None, exclude=None)
2022-03-26 18:00:36,337:INFO:Checking exceptions
2022-03-26 18:00:36,339:INFO:Preparing display monitor
2022-03-26 18:00:36,339:INFO:Preparing display monitor
2022-03-26 18:00:36,411:INFO:Initializing Logistic Regression
2022-03-26 18:00:36,411:INFO:Total runtime is 9.218851725260416e-06 minutes
2022-03-26 18:00:36,435:INFO:SubProcess create_model() called ==================================
2022-03-26 18:00:36,436:INFO:Initializing create_model()
2022-03-26 18:00:36,437:INFO:create_model(estimator=lr, fold=StratifiedKFold(n_splits=10, random_state=None, shuffle=False), round=4, cross_validation=True, predict=True, fit_kwargs={}, groups=None, refit=False, verbose=False, system=False, metrics=None, add_to_model_list=True, probability_threshold=None, display=<pycaret.internal.Display.Display object at 0x7fb989f7f0d0>, kwargs={})
2022-03-26 18:00:36,437:INFO:Checking exceptions
2022-03-26 18:00:36,437:INFO:Importing libraries
2022-03-26 18:00:36,437:INFO:Copying training dataset
2022-03-26 18:00:36,440:INFO:Defining folds
2022-03-26 18:00:36,440:INFO:Declaring metric variables
2022-03-26 18:00:36,468:INFO:Importing untrained model
2022-03-26 18:00:36,489:INFO:Logistic Regression Imported succesfully
2022-03-26 18:00:36,529:INFO:Starting cross validation
2022-03-26 18:00:36,531:INFO:Cross validating with StratifiedKFold(n_splits=10, random_state=None, shuffle=False), n_jobs=-1
2022-03-26 18:00:38,936:INFO:Calculating mean and std
2022-03-26 18:00:38,937:INFO:Creating metrics dataframe
2022-03-26 18:00:38,945:INFO:Uploading results into container
2022-03-26 18:00:38,945:INFO:Uploading model into container now
2022-03-26 18:00:38,945:INFO:create_model_container: 1
2022-03-26 18:00:38,945:INFO:master_model_container: 1
2022-03-26 18:00:38,946:INFO:display_container: 2
2022-03-26 18:00:38,946:INFO:LogisticRegression(C=1.0, class_weight=None, dual=False, fit_intercept=True,
                   intercept_scaling=1, l1_ratio=None, max_iter=1000,
                   multi_class='auto', n_jobs=None, penalty='l2',
                   random_state=2037, solver='lbfgs', tol=0.0001, verbose=0,
                   warm_start=False)
2022-03-26 18:00:38,946:INFO:create_model() succesfully completed......................................
2022-03-26 18:00:39,095:INFO:SubProcess create_model() end ==================================
2022-03-26 18:00:39,095:INFO:Creating metrics dataframe
2022-03-26 18:00:39,126:INFO:Initializing K Neighbors Classifier
2022-03-26 18:00:39,126:INFO:Total runtime is 0.04525853792826334 minutes
2022-03-26 18:00:39,143:INFO:SubProcess create_model() called ==================================
2022-03-26 18:00:39,144:INFO:Initializing create_model()
2022-03-26 18:00:39,144:INFO:create_model(estimator=knn, fold=StratifiedKFold(n_splits=10, random_state=None, shuffle=False), round=4, cross_validation=True, predict=True, fit_kwargs={}, groups=None, refit=False, verbose=False, system=False, metrics=None, add_to_model_list=True, probability_threshold=None, display=<pycaret.internal.Display.Display object at 0x7fb989f7f0d0>, kwargs={})
2022-03-26 18:00:39,144:INFO:Checking exceptions
2022-03-26 18:00:39,145:INFO:Importing libraries
2022-03-26 18:00:39,145:INFO:Copying training dataset
2022-03-26 18:00:39,147:INFO:Defining folds
2022-03-26 18:00:39,147:INFO:Declaring metric variables
2022-03-26 18:00:39,170:INFO:Importing untrained model
2022-03-26 18:00:39,185:INFO:K Neighbors Classifier Imported succesfully
2022-03-26 18:00:39,233:INFO:Starting cross validation
2022-03-26 18:00:39,234:INFO:Cross validating with StratifiedKFold(n_splits=10, random_state=None, shuffle=False), n_jobs=-1
2022-03-26 18:00:40,079:INFO:Calculating mean and std
2022-03-26 18:00:40,081:INFO:Creating metrics dataframe
2022-03-26 18:00:40,090:INFO:Uploading results into container
2022-03-26 18:00:40,090:INFO:Uploading model into container now
2022-03-26 18:00:40,090:INFO:create_model_container: 2
2022-03-26 18:00:40,090:INFO:master_model_container: 2
2022-03-26 18:00:40,090:INFO:display_container: 2
2022-03-26 18:00:40,091:INFO:KNeighborsClassifier(algorithm='auto', leaf_size=30, metric='minkowski',
                     metric_params=None, n_jobs=-1, n_neighbors=5, p=2,
                     weights='uniform')
2022-03-26 18:00:40,091:INFO:create_model() succesfully completed......................................
2022-03-26 18:00:40,238:INFO:SubProcess create_model() end ==================================
2022-03-26 18:00:40,238:INFO:Creating metrics dataframe
2022-03-26 18:00:40,269:INFO:Initializing Naive Bayes
2022-03-26 18:00:40,269:INFO:Total runtime is 0.06431063413619995 minutes
2022-03-26 18:00:40,284:INFO:SubProcess create_model() called ==================================
2022-03-26 18:00:40,284:INFO:Initializing create_model()
2022-03-26 18:00:40,285:INFO:create_model(estimator=nb, fold=StratifiedKFold(n_splits=10, random_state=None, shuffle=False), round=4, cross_validation=True, predict=True, fit_kwargs={}, groups=None, refit=False, verbose=False, system=False, metrics=None, add_to_model_list=True, probability_threshold=None, display=<pycaret.internal.Display.Display object at 0x7fb989f7f0d0>, kwargs={})
2022-03-26 18:00:40,285:INFO:Checking exceptions
2022-03-26 18:00:40,285:INFO:Importing libraries
2022-03-26 18:00:40,285:INFO:Copying training dataset
2022-03-26 18:00:40,286:INFO:Defining folds
2022-03-26 18:00:40,287:INFO:Declaring metric variables
2022-03-26 18:00:40,301:INFO:Importing untrained model
2022-03-26 18:00:40,322:INFO:Naive Bayes Imported succesfully
2022-03-26 18:00:40,359:INFO:Starting cross validation
2022-03-26 18:00:40,361:INFO:Cross validating with StratifiedKFold(n_splits=10, random_state=None, shuffle=False), n_jobs=-1
2022-03-26 18:00:40,557:INFO:Calculating mean and std
2022-03-26 18:00:40,559:INFO:Creating metrics dataframe
2022-03-26 18:00:40,567:INFO:Uploading results into container
2022-03-26 18:00:40,567:INFO:Uploading model into container now
2022-03-26 18:00:40,568:INFO:create_model_container: 3
2022-03-26 18:00:40,568:INFO:master_model_container: 3
2022-03-26 18:00:40,568:INFO:display_container: 2
2022-03-26 18:00:40,568:INFO:GaussianNB(priors=None, var_smoothing=1e-09)
2022-03-26 18:00:40,568:INFO:create_model() succesfully completed......................................
2022-03-26 18:00:40,718:INFO:SubProcess create_model() end ==================================
2022-03-26 18:00:40,718:INFO:Creating metrics dataframe
2022-03-26 18:00:40,747:INFO:Initializing Decision Tree Classifier
2022-03-26 18:00:40,747:INFO:Total runtime is 0.07227272192637126 minutes
2022-03-26 18:00:40,765:INFO:SubProcess create_model() called ==================================
2022-03-26 18:00:40,766:INFO:Initializing create_model()
2022-03-26 18:00:40,766:INFO:create_model(estimator=dt, fold=StratifiedKFold(n_splits=10, random_state=None, shuffle=False), round=4, cross_validation=True, predict=True, fit_kwargs={}, groups=None, refit=False, verbose=False, system=False, metrics=None, add_to_model_list=True, probability_threshold=None, display=<pycaret.internal.Display.Display object at 0x7fb989f7f0d0>, kwargs={})
2022-03-26 18:00:40,766:INFO:Checking exceptions
2022-03-26 18:00:40,767:INFO:Importing libraries
2022-03-26 18:00:40,767:INFO:Copying training dataset
2022-03-26 18:00:40,769:INFO:Defining folds
2022-03-26 18:00:40,769:INFO:Declaring metric variables
2022-03-26 18:00:40,788:INFO:Importing untrained model
2022-03-26 18:00:40,807:INFO:Decision Tree Classifier Imported succesfully
2022-03-26 18:00:40,849:INFO:Starting cross validation
2022-03-26 18:00:40,851:INFO:Cross validating with StratifiedKFold(n_splits=10, random_state=None, shuffle=False), n_jobs=-1
2022-03-26 18:00:41,093:INFO:Calculating mean and std
2022-03-26 18:00:41,095:INFO:Creating metrics dataframe
2022-03-26 18:00:41,102:INFO:Uploading results into container
2022-03-26 18:00:41,102:INFO:Uploading model into container now
2022-03-26 18:00:41,102:INFO:create_model_container: 4
2022-03-26 18:00:41,102:INFO:master_model_container: 4
2022-03-26 18:00:41,102:INFO:display_container: 2
2022-03-26 18:00:41,103:INFO:DecisionTreeClassifier(ccp_alpha=0.0, class_weight=None, criterion='gini',
                       max_depth=None, max_features=None, max_leaf_nodes=None,
                       min_impurity_decrease=0.0, min_impurity_split=None,
                       min_samples_leaf=1, min_samples_split=2,
                       min_weight_fraction_leaf=0.0, presort='deprecated',
                       random_state=2037, splitter='best')
2022-03-26 18:00:41,103:INFO:create_model() succesfully completed......................................
2022-03-26 18:00:41,254:INFO:SubProcess create_model() end ==================================
2022-03-26 18:00:41,254:INFO:Creating metrics dataframe
2022-03-26 18:00:41,291:INFO:Initializing SVM - Linear Kernel
2022-03-26 18:00:41,292:INFO:Total runtime is 0.08134747743606567 minutes
2022-03-26 18:00:41,318:INFO:SubProcess create_model() called ==================================
2022-03-26 18:00:41,318:INFO:Initializing create_model()
2022-03-26 18:00:41,318:INFO:create_model(estimator=svm, fold=StratifiedKFold(n_splits=10, random_state=None, shuffle=False), round=4, cross_validation=True, predict=True, fit_kwargs={}, groups=None, refit=False, verbose=False, system=False, metrics=None, add_to_model_list=True, probability_threshold=None, display=<pycaret.internal.Display.Display object at 0x7fb989f7f0d0>, kwargs={})
2022-03-26 18:00:41,319:INFO:Checking exceptions
2022-03-26 18:00:41,319:INFO:Importing libraries
2022-03-26 18:00:41,319:INFO:Copying training dataset
2022-03-26 18:00:41,320:INFO:Defining folds
2022-03-26 18:00:41,321:INFO:Declaring metric variables
2022-03-26 18:00:41,340:INFO:Importing untrained model
2022-03-26 18:00:41,356:INFO:SVM - Linear Kernel Imported succesfully
2022-03-26 18:00:41,394:INFO:Starting cross validation
2022-03-26 18:00:41,395:INFO:Cross validating with StratifiedKFold(n_splits=10, random_state=None, shuffle=False), n_jobs=-1
2022-03-26 18:00:41,608:INFO:Calculating mean and std
2022-03-26 18:00:41,610:INFO:Creating metrics dataframe
2022-03-26 18:00:41,618:INFO:Uploading results into container
2022-03-26 18:00:41,618:INFO:Uploading model into container now
2022-03-26 18:00:41,618:INFO:create_model_container: 5
2022-03-26 18:00:41,619:INFO:master_model_container: 5
2022-03-26 18:00:41,619:INFO:display_container: 2
2022-03-26 18:00:41,620:INFO:SGDClassifier(alpha=0.0001, average=False, class_weight=None,
              early_stopping=False, epsilon=0.1, eta0=0.001, fit_intercept=True,
              l1_ratio=0.15, learning_rate='optimal', loss='hinge',
              max_iter=1000, n_iter_no_change=5, n_jobs=-1, penalty='l2',
              power_t=0.5, random_state=2037, shuffle=True, tol=0.001,
              validation_fraction=0.1, verbose=0, warm_start=False)
2022-03-26 18:00:41,620:INFO:create_model() succesfully completed......................................
2022-03-26 18:00:41,771:INFO:SubProcess create_model() end ==================================
2022-03-26 18:00:41,771:INFO:Creating metrics dataframe
2022-03-26 18:00:41,808:INFO:Initializing Ridge Classifier
2022-03-26 18:00:41,808:INFO:Total runtime is 0.08996090491612752 minutes
2022-03-26 18:00:41,826:INFO:SubProcess create_model() called ==================================
2022-03-26 18:00:41,827:INFO:Initializing create_model()
2022-03-26 18:00:41,827:INFO:create_model(estimator=ridge, fold=StratifiedKFold(n_splits=10, random_state=None, shuffle=False), round=4, cross_validation=True, predict=True, fit_kwargs={}, groups=None, refit=False, verbose=False, system=False, metrics=None, add_to_model_list=True, probability_threshold=None, display=<pycaret.internal.Display.Display object at 0x7fb989f7f0d0>, kwargs={})
2022-03-26 18:00:41,827:INFO:Checking exceptions
2022-03-26 18:00:41,828:INFO:Importing libraries
2022-03-26 18:00:41,828:INFO:Copying training dataset
2022-03-26 18:00:41,829:INFO:Defining folds
2022-03-26 18:00:41,830:INFO:Declaring metric variables
2022-03-26 18:00:41,849:INFO:Importing untrained model
2022-03-26 18:00:41,871:INFO:Ridge Classifier Imported succesfully
2022-03-26 18:00:41,920:INFO:Starting cross validation
2022-03-26 18:00:41,922:INFO:Cross validating with StratifiedKFold(n_splits=10, random_state=None, shuffle=False), n_jobs=-1
2022-03-26 18:00:42,330:INFO:Calculating mean and std
2022-03-26 18:00:42,332:INFO:Creating metrics dataframe
2022-03-26 18:00:42,339:INFO:Uploading results into container
2022-03-26 18:00:42,339:INFO:Uploading model into container now
2022-03-26 18:00:42,339:INFO:create_model_container: 6
2022-03-26 18:00:42,339:INFO:master_model_container: 6
2022-03-26 18:00:42,339:INFO:display_container: 2
2022-03-26 18:00:42,340:INFO:RidgeClassifier(alpha=1.0, class_weight=None, copy_X=True, fit_intercept=True,
                max_iter=None, normalize=False, random_state=2037,
                solver='auto', tol=0.001)
2022-03-26 18:00:42,340:INFO:create_model() succesfully completed......................................
2022-03-26 18:00:42,489:INFO:SubProcess create_model() end ==================================
2022-03-26 18:00:42,489:INFO:Creating metrics dataframe
2022-03-26 18:00:42,524:INFO:Initializing Random Forest Classifier
2022-03-26 18:00:42,524:INFO:Total runtime is 0.10189302762349446 minutes
2022-03-26 18:00:42,543:INFO:SubProcess create_model() called ==================================
2022-03-26 18:00:42,543:INFO:Initializing create_model()
2022-03-26 18:00:42,543:INFO:create_model(estimator=rf, fold=StratifiedKFold(n_splits=10, random_state=None, shuffle=False), round=4, cross_validation=True, predict=True, fit_kwargs={}, groups=None, refit=False, verbose=False, system=False, metrics=None, add_to_model_list=True, probability_threshold=None, display=<pycaret.internal.Display.Display object at 0x7fb989f7f0d0>, kwargs={})
2022-03-26 18:00:42,543:INFO:Checking exceptions
2022-03-26 18:00:42,544:INFO:Importing libraries
2022-03-26 18:00:42,544:INFO:Copying training dataset
2022-03-26 18:00:42,545:INFO:Defining folds
2022-03-26 18:00:42,546:INFO:Declaring metric variables
2022-03-26 18:00:42,564:INFO:Importing untrained model
2022-03-26 18:00:42,582:INFO:Random Forest Classifier Imported succesfully
2022-03-26 18:00:42,624:INFO:Starting cross validation
2022-03-26 18:00:42,626:INFO:Cross validating with StratifiedKFold(n_splits=10, random_state=None, shuffle=False), n_jobs=-1
2022-03-26 18:00:46,228:INFO:Calculating mean and std
2022-03-26 18:00:46,230:INFO:Creating metrics dataframe
2022-03-26 18:00:46,236:INFO:Uploading results into container
2022-03-26 18:00:46,236:INFO:Uploading model into container now
2022-03-26 18:00:46,237:INFO:create_model_container: 7
2022-03-26 18:00:46,237:INFO:master_model_container: 7
2022-03-26 18:00:46,237:INFO:display_container: 2
2022-03-26 18:00:46,238:INFO:RandomForestClassifier(bootstrap=True, ccp_alpha=0.0, class_weight=None,
                       criterion='gini', max_depth=None, max_features='auto',
                       max_leaf_nodes=None, max_samples=None,
                       min_impurity_decrease=0.0, min_impurity_split=None,
                       min_samples_leaf=1, min_samples_split=2,
                       min_weight_fraction_leaf=0.0, n_estimators=100,
                       n_jobs=-1, oob_score=False, random_state=2037, verbose=0,
                       warm_start=False)
2022-03-26 18:00:46,238:INFO:create_model() succesfully completed......................................
2022-03-26 18:00:46,386:INFO:SubProcess create_model() end ==================================
2022-03-26 18:00:46,387:INFO:Creating metrics dataframe
2022-03-26 18:00:46,421:INFO:Initializing Quadratic Discriminant Analysis
2022-03-26 18:00:46,421:INFO:Total runtime is 0.1668423811594645 minutes
2022-03-26 18:00:46,438:INFO:SubProcess create_model() called ==================================
2022-03-26 18:00:46,439:INFO:Initializing create_model()
2022-03-26 18:00:46,439:INFO:create_model(estimator=qda, fold=StratifiedKFold(n_splits=10, random_state=None, shuffle=False), round=4, cross_validation=True, predict=True, fit_kwargs={}, groups=None, refit=False, verbose=False, system=False, metrics=None, add_to_model_list=True, probability_threshold=None, display=<pycaret.internal.Display.Display object at 0x7fb989f7f0d0>, kwargs={})
2022-03-26 18:00:46,439:INFO:Checking exceptions
2022-03-26 18:00:46,440:INFO:Importing libraries
2022-03-26 18:00:46,440:INFO:Copying training dataset
2022-03-26 18:00:46,442:INFO:Defining folds
2022-03-26 18:00:46,443:INFO:Declaring metric variables
2022-03-26 18:00:46,459:INFO:Importing untrained model
2022-03-26 18:00:46,480:INFO:Quadratic Discriminant Analysis Imported succesfully
2022-03-26 18:00:46,532:INFO:Starting cross validation
2022-03-26 18:00:46,533:INFO:Cross validating with StratifiedKFold(n_splits=10, random_state=None, shuffle=False), n_jobs=-1
2022-03-26 18:00:46,793:INFO:Calculating mean and std
2022-03-26 18:00:46,794:INFO:Creating metrics dataframe
2022-03-26 18:00:46,801:INFO:Uploading results into container
2022-03-26 18:00:46,801:INFO:Uploading model into container now
2022-03-26 18:00:46,802:INFO:create_model_container: 8
2022-03-26 18:00:46,802:INFO:master_model_container: 8
2022-03-26 18:00:46,802:INFO:display_container: 2
2022-03-26 18:00:46,802:INFO:QuadraticDiscriminantAnalysis(priors=None, reg_param=0.0,
                              store_covariance=False, tol=0.0001)
2022-03-26 18:00:46,802:INFO:create_model() succesfully completed......................................
2022-03-26 18:00:46,952:INFO:SubProcess create_model() end ==================================
2022-03-26 18:00:46,953:INFO:Creating metrics dataframe
2022-03-26 18:00:46,988:INFO:Initializing Ada Boost Classifier
2022-03-26 18:00:46,988:INFO:Total runtime is 0.17629363139470416 minutes
2022-03-26 18:00:47,005:INFO:SubProcess create_model() called ==================================
2022-03-26 18:00:47,006:INFO:Initializing create_model()
2022-03-26 18:00:47,006:INFO:create_model(estimator=ada, fold=StratifiedKFold(n_splits=10, random_state=None, shuffle=False), round=4, cross_validation=True, predict=True, fit_kwargs={}, groups=None, refit=False, verbose=False, system=False, metrics=None, add_to_model_list=True, probability_threshold=None, display=<pycaret.internal.Display.Display object at 0x7fb989f7f0d0>, kwargs={})
2022-03-26 18:00:47,006:INFO:Checking exceptions
2022-03-26 18:00:47,007:INFO:Importing libraries
2022-03-26 18:00:47,007:INFO:Copying training dataset
2022-03-26 18:00:47,008:INFO:Defining folds
2022-03-26 18:00:47,008:INFO:Declaring metric variables
2022-03-26 18:00:47,024:INFO:Importing untrained model
2022-03-26 18:00:47,044:INFO:Ada Boost Classifier Imported succesfully
2022-03-26 18:00:47,081:INFO:Starting cross validation
2022-03-26 18:00:47,082:INFO:Cross validating with StratifiedKFold(n_splits=10, random_state=None, shuffle=False), n_jobs=-1
2022-03-26 18:00:48,013:INFO:Calculating mean and std
2022-03-26 18:00:48,014:INFO:Creating metrics dataframe
2022-03-26 18:00:48,022:INFO:Uploading results into container
2022-03-26 18:00:48,022:INFO:Uploading model into container now
2022-03-26 18:00:48,022:INFO:create_model_container: 9
2022-03-26 18:00:48,022:INFO:master_model_container: 9
2022-03-26 18:00:48,022:INFO:display_container: 2
2022-03-26 18:00:48,022:INFO:AdaBoostClassifier(algorithm='SAMME.R', base_estimator=None, learning_rate=1.0,
                   n_estimators=50, random_state=2037)
2022-03-26 18:00:48,023:INFO:create_model() succesfully completed......................................
2022-03-26 18:00:48,172:INFO:SubProcess create_model() end ==================================
2022-03-26 18:00:48,172:INFO:Creating metrics dataframe
2022-03-26 18:00:48,208:INFO:Initializing Gradient Boosting Classifier
2022-03-26 18:00:48,208:INFO:Total runtime is 0.19662816921869913 minutes
2022-03-26 18:00:48,227:INFO:SubProcess create_model() called ==================================
2022-03-26 18:00:48,228:INFO:Initializing create_model()
2022-03-26 18:00:48,228:INFO:create_model(estimator=gbc, fold=StratifiedKFold(n_splits=10, random_state=None, shuffle=False), round=4, cross_validation=True, predict=True, fit_kwargs={}, groups=None, refit=False, verbose=False, system=False, metrics=None, add_to_model_list=True, probability_threshold=None, display=<pycaret.internal.Display.Display object at 0x7fb989f7f0d0>, kwargs={})
2022-03-26 18:00:48,228:INFO:Checking exceptions
2022-03-26 18:00:48,228:INFO:Importing libraries
2022-03-26 18:00:48,229:INFO:Copying training dataset
2022-03-26 18:00:48,232:INFO:Defining folds
2022-03-26 18:00:48,232:INFO:Declaring metric variables
2022-03-26 18:00:48,249:INFO:Importing untrained model
2022-03-26 18:00:48,266:INFO:Gradient Boosting Classifier Imported succesfully
2022-03-26 18:00:48,314:INFO:Starting cross validation
2022-03-26 18:00:48,316:INFO:Cross validating with StratifiedKFold(n_splits=10, random_state=None, shuffle=False), n_jobs=-1
2022-03-26 18:00:49,332:INFO:Calculating mean and std
2022-03-26 18:00:49,334:INFO:Creating metrics dataframe
2022-03-26 18:00:49,340:INFO:Uploading results into container
2022-03-26 18:00:49,341:INFO:Uploading model into container now
2022-03-26 18:00:49,341:INFO:create_model_container: 10
2022-03-26 18:00:49,341:INFO:master_model_container: 10
2022-03-26 18:00:49,341:INFO:display_container: 2
2022-03-26 18:00:49,342:INFO:GradientBoostingClassifier(ccp_alpha=0.0, criterion='friedman_mse', init=None,
                           learning_rate=0.1, loss='deviance', max_depth=3,
                           max_features=None, max_leaf_nodes=None,
                           min_impurity_decrease=0.0, min_impurity_split=None,
                           min_samples_leaf=1, min_samples_split=2,
                           min_weight_fraction_leaf=0.0, n_estimators=100,
                           n_iter_no_change=None, presort='deprecated',
                           random_state=2037, subsample=1.0, tol=0.0001,
                           validation_fraction=0.1, verbose=0,
                           warm_start=False)
2022-03-26 18:00:49,342:INFO:create_model() succesfully completed......................................
2022-03-26 18:00:49,493:INFO:SubProcess create_model() end ==================================
2022-03-26 18:00:49,493:INFO:Creating metrics dataframe
2022-03-26 18:00:49,528:INFO:Initializing Linear Discriminant Analysis
2022-03-26 18:00:49,529:INFO:Total runtime is 0.21863300005594888 minutes
2022-03-26 18:00:49,547:INFO:SubProcess create_model() called ==================================
2022-03-26 18:00:49,548:INFO:Initializing create_model()
2022-03-26 18:00:49,548:INFO:create_model(estimator=lda, fold=StratifiedKFold(n_splits=10, random_state=None, shuffle=False), round=4, cross_validation=True, predict=True, fit_kwargs={}, groups=None, refit=False, verbose=False, system=False, metrics=None, add_to_model_list=True, probability_threshold=None, display=<pycaret.internal.Display.Display object at 0x7fb989f7f0d0>, kwargs={})
2022-03-26 18:00:49,548:INFO:Checking exceptions
2022-03-26 18:00:49,549:INFO:Importing libraries
2022-03-26 18:00:49,549:INFO:Copying training dataset
2022-03-26 18:00:49,550:INFO:Defining folds
2022-03-26 18:00:49,550:INFO:Declaring metric variables
2022-03-26 18:00:49,570:INFO:Importing untrained model
2022-03-26 18:00:49,588:INFO:Linear Discriminant Analysis Imported succesfully
2022-03-26 18:00:49,629:INFO:Starting cross validation
2022-03-26 18:00:49,630:INFO:Cross validating with StratifiedKFold(n_splits=10, random_state=None, shuffle=False), n_jobs=-1
2022-03-26 18:00:49,913:INFO:Calculating mean and std
2022-03-26 18:00:49,914:INFO:Creating metrics dataframe
2022-03-26 18:00:49,921:INFO:Uploading results into container
2022-03-26 18:00:49,921:INFO:Uploading model into container now
2022-03-26 18:00:49,921:INFO:create_model_container: 11
2022-03-26 18:00:49,921:INFO:master_model_container: 11
2022-03-26 18:00:49,921:INFO:display_container: 2
2022-03-26 18:00:49,922:INFO:LinearDiscriminantAnalysis(n_components=None, priors=None, shrinkage=None,
                           solver='svd', store_covariance=False, tol=0.0001)
2022-03-26 18:00:49,922:INFO:create_model() succesfully completed......................................
2022-03-26 18:00:50,070:INFO:SubProcess create_model() end ==================================
2022-03-26 18:00:50,070:INFO:Creating metrics dataframe
2022-03-26 18:00:50,106:INFO:Initializing Extra Trees Classifier
2022-03-26 18:00:50,107:INFO:Total runtime is 0.22826430797576902 minutes
2022-03-26 18:00:50,127:INFO:SubProcess create_model() called ==================================
2022-03-26 18:00:50,128:INFO:Initializing create_model()
2022-03-26 18:00:50,128:INFO:create_model(estimator=et, fold=StratifiedKFold(n_splits=10, random_state=None, shuffle=False), round=4, cross_validation=True, predict=True, fit_kwargs={}, groups=None, refit=False, verbose=False, system=False, metrics=None, add_to_model_list=True, probability_threshold=None, display=<pycaret.internal.Display.Display object at 0x7fb989f7f0d0>, kwargs={})
2022-03-26 18:00:50,128:INFO:Checking exceptions
2022-03-26 18:00:50,129:INFO:Importing libraries
2022-03-26 18:00:50,129:INFO:Copying training dataset
2022-03-26 18:00:50,130:INFO:Defining folds
2022-03-26 18:00:50,130:INFO:Declaring metric variables
2022-03-26 18:00:50,146:INFO:Importing untrained model
2022-03-26 18:00:50,166:INFO:Extra Trees Classifier Imported succesfully
2022-03-26 18:00:50,201:INFO:Starting cross validation
2022-03-26 18:00:50,202:INFO:Cross validating with StratifiedKFold(n_splits=10, random_state=None, shuffle=False), n_jobs=-1
2022-03-26 18:00:53,453:INFO:Calculating mean and std
2022-03-26 18:00:53,454:INFO:Creating metrics dataframe
2022-03-26 18:00:53,463:INFO:Uploading results into container
2022-03-26 18:00:53,463:INFO:Uploading model into container now
2022-03-26 18:00:53,463:INFO:create_model_container: 12
2022-03-26 18:00:53,463:INFO:master_model_container: 12
2022-03-26 18:00:53,463:INFO:display_container: 2
2022-03-26 18:00:53,465:INFO:ExtraTreesClassifier(bootstrap=False, ccp_alpha=0.0, class_weight=None,
                     criterion='gini', max_depth=None, max_features='auto',
                     max_leaf_nodes=None, max_samples=None,
                     min_impurity_decrease=0.0, min_impurity_split=None,
                     min_samples_leaf=1, min_samples_split=2,
                     min_weight_fraction_leaf=0.0, n_estimators=100, n_jobs=-1,
                     oob_score=False, random_state=2037, verbose=0,
                     warm_start=False)
2022-03-26 18:00:53,465:INFO:create_model() succesfully completed......................................
2022-03-26 18:00:53,614:INFO:SubProcess create_model() end ==================================
2022-03-26 18:00:53,614:INFO:Creating metrics dataframe
2022-03-26 18:00:53,647:INFO:Initializing Light Gradient Boosting Machine
2022-03-26 18:00:53,647:INFO:Total runtime is 0.2872681180636088 minutes
2022-03-26 18:00:53,664:INFO:SubProcess create_model() called ==================================
2022-03-26 18:00:53,664:INFO:Initializing create_model()
2022-03-26 18:00:53,665:INFO:create_model(estimator=lightgbm, fold=StratifiedKFold(n_splits=10, random_state=None, shuffle=False), round=4, cross_validation=True, predict=True, fit_kwargs={}, groups=None, refit=False, verbose=False, system=False, metrics=None, add_to_model_list=True, probability_threshold=None, display=<pycaret.internal.Display.Display object at 0x7fb989f7f0d0>, kwargs={})
2022-03-26 18:00:53,665:INFO:Checking exceptions
2022-03-26 18:00:53,665:INFO:Importing libraries
2022-03-26 18:00:53,665:INFO:Copying training dataset
2022-03-26 18:00:53,667:INFO:Defining folds
2022-03-26 18:00:53,667:INFO:Declaring metric variables
2022-03-26 18:00:53,683:INFO:Importing untrained model
2022-03-26 18:00:53,704:INFO:Light Gradient Boosting Machine Imported succesfully
2022-03-26 18:00:53,736:INFO:Starting cross validation
2022-03-26 18:00:53,738:INFO:Cross validating with StratifiedKFold(n_splits=10, random_state=None, shuffle=False), n_jobs=-1
2022-03-26 18:00:54,436:INFO:Calculating mean and std
2022-03-26 18:00:54,438:INFO:Creating metrics dataframe
2022-03-26 18:00:54,445:INFO:Uploading results into container
2022-03-26 18:00:54,445:INFO:Uploading model into container now
2022-03-26 18:00:54,445:INFO:create_model_container: 13
2022-03-26 18:00:54,445:INFO:master_model_container: 13
2022-03-26 18:00:54,446:INFO:display_container: 2
2022-03-26 18:00:54,447:INFO:LGBMClassifier(boosting_type='gbdt', class_weight=None, colsample_bytree=1.0,
               importance_type='split', learning_rate=0.1, max_depth=-1,
               min_child_samples=20, min_child_weight=0.001, min_split_gain=0.0,
               n_estimators=100, n_jobs=-1, num_leaves=31, objective=None,
               random_state=2037, reg_alpha=0.0, reg_lambda=0.0, silent='warn',
               subsample=1.0, subsample_for_bin=200000, subsample_freq=0)
2022-03-26 18:00:54,447:INFO:create_model() succesfully completed......................................
2022-03-26 18:00:54,597:INFO:SubProcess create_model() end ==================================
2022-03-26 18:00:54,598:INFO:Creating metrics dataframe
2022-03-26 18:00:54,631:INFO:Initializing Dummy Classifier
2022-03-26 18:00:54,631:INFO:Total runtime is 0.30367244879404703 minutes
2022-03-26 18:00:54,648:INFO:SubProcess create_model() called ==================================
2022-03-26 18:00:54,649:INFO:Initializing create_model()
2022-03-26 18:00:54,649:INFO:create_model(estimator=dummy, fold=StratifiedKFold(n_splits=10, random_state=None, shuffle=False), round=4, cross_validation=True, predict=True, fit_kwargs={}, groups=None, refit=False, verbose=False, system=False, metrics=None, add_to_model_list=True, probability_threshold=None, display=<pycaret.internal.Display.Display object at 0x7fb989f7f0d0>, kwargs={})
2022-03-26 18:00:54,649:INFO:Checking exceptions
2022-03-26 18:00:54,649:INFO:Importing libraries
2022-03-26 18:00:54,649:INFO:Copying training dataset
2022-03-26 18:00:54,651:INFO:Defining folds
2022-03-26 18:00:54,651:INFO:Declaring metric variables
2022-03-26 18:00:54,673:INFO:Importing untrained model
2022-03-26 18:00:54,695:INFO:Dummy Classifier Imported succesfully
2022-03-26 18:00:54,743:INFO:Starting cross validation
2022-03-26 18:00:54,744:INFO:Cross validating with StratifiedKFold(n_splits=10, random_state=None, shuffle=False), n_jobs=-1
2022-03-26 18:00:54,905:INFO:Calculating mean and std
2022-03-26 18:00:54,906:INFO:Creating metrics dataframe
2022-03-26 18:00:54,914:INFO:Uploading results into container
2022-03-26 18:00:54,914:INFO:Uploading model into container now
2022-03-26 18:00:54,914:INFO:create_model_container: 14
2022-03-26 18:00:54,914:INFO:master_model_container: 14
2022-03-26 18:00:54,914:INFO:display_container: 2
2022-03-26 18:00:54,915:INFO:DummyClassifier(constant=None, random_state=2037, strategy='prior')
2022-03-26 18:00:54,917:INFO:create_model() succesfully completed......................................
2022-03-26 18:00:55,068:INFO:SubProcess create_model() end ==================================
2022-03-26 18:00:55,068:INFO:Creating metrics dataframe
2022-03-26 18:00:55,145:INFO:Initializing create_model()
2022-03-26 18:00:55,145:INFO:create_model(estimator=LogisticRegression(C=1.0, class_weight=None, dual=False, fit_intercept=True,
                   intercept_scaling=1, l1_ratio=None, max_iter=1000,
                   multi_class='auto', n_jobs=None, penalty='l2',
                   random_state=2037, solver='lbfgs', tol=0.0001, verbose=0,
                   warm_start=False), fold=StratifiedKFold(n_splits=10, random_state=None, shuffle=False), round=4, cross_validation=False, predict=False, fit_kwargs={}, groups=None, refit=True, verbose=False, system=False, metrics=None, add_to_model_list=True, probability_threshold=None, display=None, kwargs={})
2022-03-26 18:00:55,145:INFO:Checking exceptions
2022-03-26 18:00:55,145:INFO:Importing libraries
2022-03-26 18:00:55,146:INFO:Copying training dataset
2022-03-26 18:00:55,146:INFO:Defining folds
2022-03-26 18:00:55,147:INFO:Declaring metric variables
2022-03-26 18:00:55,147:INFO:Importing untrained model
2022-03-26 18:00:55,147:INFO:Declaring custom model
2022-03-26 18:00:55,148:INFO:Logistic Regression Imported succesfully
2022-03-26 18:00:55,148:INFO:Cross validation set to False
2022-03-26 18:00:55,148:INFO:Fitting Model
2022-03-26 18:00:56,130:INFO:LogisticRegression(C=1.0, class_weight=None, dual=False, fit_intercept=True,
                   intercept_scaling=1, l1_ratio=None, max_iter=1000,
                   multi_class='auto', n_jobs=None, penalty='l2',
                   random_state=2037, solver='lbfgs', tol=0.0001, verbose=0,
                   warm_start=False)
2022-03-26 18:00:56,130:INFO:create_models() succesfully completed......................................
2022-03-26 18:00:56,412:INFO:create_model_container: 14
2022-03-26 18:00:56,412:INFO:master_model_container: 14
2022-03-26 18:00:56,412:INFO:display_container: 2
2022-03-26 18:00:56,413:INFO:LogisticRegression(C=1.0, class_weight=None, dual=False, fit_intercept=True,
                   intercept_scaling=1, l1_ratio=None, max_iter=1000,
                   multi_class='auto', n_jobs=None, penalty='l2',
                   random_state=2037, solver='lbfgs', tol=0.0001, verbose=0,
                   warm_start=False)
2022-03-26 18:00:56,414:INFO:compare_models() succesfully completed......................................
